make[2]: Entering directory `/g/g0/spelce1/Sequoia_Final/irs.0.9.2/sources/tdiff'
makedepend -- -DUNIX -DFUNCTION_TIMERS -Dlinux -DCOMMPI -I../.. -I../../includes -I/usr/local/include -I/usr/local/apps/include     -- ChemPotCalc.c ConductionCoef.c DiffCoef.c DivgradDriver.c FemDivgrad3.c FemGrad3d.c FluxLimiter2d.c FluxLimiter3d.c FluxLimiterDriver.c GefaGedi.c KpAnalytic.c KrAnalytic.c MatrixSolve.c MatterConduction.c MatterDiagonal.c MatterWainwright.c RadiationMemory.c RadiationSourceBC.c RegionTable.c SetFaceTemperature.c bound_free.c cblkbc.c cblkbc2.c cblkbc3.c diagonal.c diff1g.c divgrad2.c divgrad3.c divgradpert2d.c divgradpert3d.c geteicouple.c gettfzstar.c getzabar0.c gtkappabnd.c kapmlt.c newMatrix.c norml2.c opac2t.c opaclmt.c planck_opacity.c radfree.c radinit.c rdiff.c rdiffbc.c rdiffbc2.c rdiffbc3.c rdiffset.c rdiffsrc.c reicouple.c retransfer.c rmatmult.c rmatmult2.c rmatmult3.c rsrcbc.c rsrcbc2.c rsrcbc3.c setpz1.c setpz2.c tblkinit.c tdiff.c teicouple.c zstarcal.c  
makedepend: warning:  ChemPotCalc.c (reading /usr/include/stdio.h, line 34): cannot find include file "stddef.h"
	not in ../../stddef.h
	not in ../../includes/stddef.h
	not in /usr/local/include/stddef.h
	not in /usr/local/apps/include/stddef.h
	not in /usr/include/stddef.h
makedepend: warning:  ChemPotCalc.c (reading /usr/include/bits/types.h, line 31): cannot find include file "stddef.h"
	not in ../../stddef.h
	not in ../../includes/stddef.h
	not in /usr/local/include/stddef.h
	not in /usr/local/apps/include/stddef.h
	not in /usr/include/stddef.h
makedepend: warning:  ChemPotCalc.c (reading /usr/include/_G_config.h, line 14): cannot find include file "stddef.h"
	not in ../../stddef.h
	not in ../../includes/stddef.h
	not in /usr/local/include/stddef.h
	not in /usr/local/apps/include/stddef.h
	not in /usr/include/stddef.h
makedepend: warning:  ChemPotCalc.c (reading /usr/include/wchar.h, line 48): cannot find include file "stddef.h"
	not in ../../stddef.h
	not in ../../includes/stddef.h
	not in /usr/local/include/stddef.h
	not in /usr/local/apps/include/stddef.h
	not in /usr/include/stddef.h
makedepend: warning:  ChemPotCalc.c (reading /usr/include/gconv.h, line 31): cannot find include file "stddef.h"
	not in ../../stddef.h
	not in ../../includes/stddef.h
	not in /usr/local/include/stddef.h
	not in /usr/local/apps/include/stddef.h
	not in /usr/include/stddef.h
makedepend: warning:  ChemPotCalc.c (reading /usr/include/libio.h, line 53): cannot find include file "stdarg.h"
	not in ../../stdarg.h
	not in ../../includes/stdarg.h
	not in /usr/local/include/stdarg.h
	not in /usr/local/apps/include/stdarg.h
	not in /usr/include/stdarg.h
makedepend: warning:  ChemPotCalc.c (reading /usr/include/stdlib.h, line 33): cannot find include file "stddef.h"
	not in ../../stddef.h
	not in ../../includes/stddef.h
	not in /usr/local/include/stddef.h
	not in /usr/local/apps/include/stddef.h
	not in /usr/include/stddef.h
makedepend: warning:  ChemPotCalc.c (reading /usr/include/sys/types.h, line 147): cannot find include file "stddef.h"
	not in ../../stddef.h
	not in ../../includes/stddef.h
	not in /usr/local/include/stddef.h
	not in /usr/local/apps/include/stddef.h
	not in /usr/include/stddef.h
makedepend: warning:  ChemPotCalc.c (reading /usr/include/alloca.h, line 25): cannot find include file "stddef.h"
	not in ../../stddef.h
	not in ../../includes/stddef.h
	not in /usr/local/include/stddef.h
	not in /usr/local/apps/include/stddef.h
	not in /usr/include/stddef.h
makedepend: warning:  ChemPotCalc.c (reading /usr/include/string.h, line 33): cannot find include file "stddef.h"
	not in ../../stddef.h
	not in ../../includes/stddef.h
	not in /usr/local/include/stddef.h
	not in /usr/local/apps/include/stddef.h
	not in /usr/include/stddef.h
makedepend: warning:  ChemPotCalc.c (reading /usr/include/malloc.h, line 24): cannot find include file "stddef.h"
	not in ../../stddef.h
	not in ../../includes/stddef.h
	not in /usr/local/include/stddef.h
	not in /usr/local/apps/include/stddef.h
	not in /usr/include/stddef.h
makedepend: warning:  ChemPotCalc.c (reading ../../includes/FunctionTimer.h, line 27): cannot find include file "mpi.h"
	not in ../../mpi.h
	not in ../../includes/mpi.h
	not in /usr/local/include/mpi.h
	not in /usr/local/apps/include/mpi.h
	not in /usr/include/mpi.h
makedepend: warning:  DiffCoef.c, line 5: cannot find include file "DiffusionData.hh"
	not in DiffusionData.hh
	not in DiffusionData.hh
	not in ../../DiffusionData.hh
	not in ../../includes/DiffusionData.hh
	not in /usr/local/include/DiffusionData.hh
	not in /usr/local/apps/include/DiffusionData.hh
	not in /usr/include/DiffusionData.hh
makedepend: warning:  RadiationMemory.c, line 6: cannot find include file "RadiationData.hh"
	not in RadiationData.hh
	not in RadiationData.hh
	not in ../../RadiationData.hh
	not in ../../includes/RadiationData.hh
	not in /usr/local/include/RadiationData.hh
	not in /usr/local/apps/include/RadiationData.hh
	not in /usr/include/RadiationData.hh
irs_fixdepend Makefile
make[2]: Leaving directory `/g/g0/spelce1/Sequoia_Final/irs.0.9.2/sources/tdiff'
