make[2]: Entering directory `/g/g0/spelce1/Sequoia_Final/irs.0.9.2/sources/objects'
makedepend -- -DUNIX -DFUNCTION_TIMERS -Dlinux -DCOMMPI -I../.. -I../../includes -I/usr/local/include -I/usr/local/apps/include     -- AEStackElm.c AttrArray.c Boundary.c BoundaryCondition.c Conditional.c Database.c Domain.c EosGroup.c FunctionTimer.c GlobalArrays.c NodeList.c NodeWindow.c ObjectName.c OpacityGroup.c ProblemArray.c RGST_Object.c Region.c Source.c SourceNew.c Species.c Spline.c SubMesh.c TimePlot.c TimePlotCurve.c TimeStepControl.c Transform.c UserList.c VersionData.c  
makedepend: warning:  AEStackElm.c, line 1: cannot find include file "stdarg.h"
	not in ../../stdarg.h
	not in ../../includes/stdarg.h
	not in /usr/local/include/stdarg.h
	not in /usr/local/apps/include/stdarg.h
	not in /usr/include/stdarg.h
makedepend: warning:  AEStackElm.c (reading /usr/include/stdio.h, line 34): cannot find include file "stddef.h"
	not in ../../stddef.h
	not in ../../includes/stddef.h
	not in /usr/local/include/stddef.h
	not in /usr/local/apps/include/stddef.h
	not in /usr/include/stddef.h
makedepend: warning:  AEStackElm.c (reading /usr/include/bits/types.h, line 31): cannot find include file "stddef.h"
	not in ../../stddef.h
	not in ../../includes/stddef.h
	not in /usr/local/include/stddef.h
	not in /usr/local/apps/include/stddef.h
	not in /usr/include/stddef.h
makedepend: warning:  AEStackElm.c (reading /usr/include/_G_config.h, line 14): cannot find include file "stddef.h"
	not in ../../stddef.h
	not in ../../includes/stddef.h
	not in /usr/local/include/stddef.h
	not in /usr/local/apps/include/stddef.h
	not in /usr/include/stddef.h
makedepend: warning:  AEStackElm.c (reading /usr/include/wchar.h, line 48): cannot find include file "stddef.h"
	not in ../../stddef.h
	not in ../../includes/stddef.h
	not in /usr/local/include/stddef.h
	not in /usr/local/apps/include/stddef.h
	not in /usr/include/stddef.h
makedepend: warning:  AEStackElm.c (reading /usr/include/gconv.h, line 31): cannot find include file "stddef.h"
	not in ../../stddef.h
	not in ../../includes/stddef.h
	not in /usr/local/include/stddef.h
	not in /usr/local/apps/include/stddef.h
	not in /usr/include/stddef.h
makedepend: warning:  AEStackElm.c (reading /usr/include/libio.h, line 53): cannot find include file "stdarg.h"
	not in ../../stdarg.h
	not in ../../includes/stdarg.h
	not in /usr/local/include/stdarg.h
	not in /usr/local/apps/include/stdarg.h
	not in /usr/include/stdarg.h
makedepend: warning:  AEStackElm.c (reading /usr/include/stdlib.h, line 33): cannot find include file "stddef.h"
	not in ../../stddef.h
	not in ../../includes/stddef.h
	not in /usr/local/include/stddef.h
	not in /usr/local/apps/include/stddef.h
	not in /usr/include/stddef.h
makedepend: warning:  AEStackElm.c (reading /usr/include/sys/types.h, line 147): cannot find include file "stddef.h"
	not in ../../stddef.h
	not in ../../includes/stddef.h
	not in /usr/local/include/stddef.h
	not in /usr/local/apps/include/stddef.h
	not in /usr/include/stddef.h
makedepend: warning:  AEStackElm.c (reading /usr/include/alloca.h, line 25): cannot find include file "stddef.h"
	not in ../../stddef.h
	not in ../../includes/stddef.h
	not in /usr/local/include/stddef.h
	not in /usr/local/apps/include/stddef.h
	not in /usr/include/stddef.h
makedepend: warning:  AEStackElm.c (reading /usr/include/string.h, line 33): cannot find include file "stddef.h"
	not in ../../stddef.h
	not in ../../includes/stddef.h
	not in /usr/local/include/stddef.h
	not in /usr/local/apps/include/stddef.h
	not in /usr/include/stddef.h
makedepend: warning:  AEStackElm.c (reading /usr/include/malloc.h, line 24): cannot find include file "stddef.h"
	not in ../../stddef.h
	not in ../../includes/stddef.h
	not in /usr/local/include/stddef.h
	not in /usr/local/apps/include/stddef.h
	not in /usr/include/stddef.h
makedepend: warning:  AEStackElm.c, line 5: cannot find include file "AEStackElm.hh"
	not in AEStackElm.hh
	not in AEStackElm.hh
	not in ../../AEStackElm.hh
	not in ../../includes/AEStackElm.hh
	not in /usr/local/include/AEStackElm.hh
	not in /usr/local/apps/include/AEStackElm.hh
	not in /usr/include/AEStackElm.hh
makedepend: warning:  AttrArray.c, line 1: cannot find include file "stdarg.h"
	not in ../../stdarg.h
	not in ../../includes/stdarg.h
	not in /usr/local/include/stdarg.h
	not in /usr/local/apps/include/stdarg.h
	not in /usr/include/stdarg.h
makedepend: warning:  Domain.c (reading ../../includes/FunctionTimer.h, line 27): cannot find include file "mpi.h"
	not in ../../mpi.h
	not in ../../includes/mpi.h
	not in /usr/local/include/mpi.h
	not in /usr/local/apps/include/mpi.h
	not in /usr/include/mpi.h
makedepend: warning:  FunctionTimer.c, line 7: cannot find include file "stddef.h"
	not in ../../stddef.h
	not in ../../includes/stddef.h
	not in /usr/local/include/stddef.h
	not in /usr/local/apps/include/stddef.h
	not in /usr/include/stddef.h
makedepend: warning:  NodeList.c, line 5: cannot find include file "NodeList.hh"
	not in NodeList.hh
	not in NodeList.hh
	not in ../../NodeList.hh
	not in ../../includes/NodeList.hh
	not in /usr/local/include/NodeList.hh
	not in /usr/local/apps/include/NodeList.hh
	not in /usr/include/NodeList.hh
makedepend: warning:  RGST_Object.c, line 1: cannot find include file "stdarg.h"
	not in ../../stdarg.h
	not in ../../includes/stdarg.h
	not in /usr/local/include/stdarg.h
	not in /usr/local/apps/include/stdarg.h
	not in /usr/include/stdarg.h
makedepend: warning:  Region.c, line 7: cannot find include file "Region.hh"
	not in Region.hh
	not in Region.hh
	not in ../../Region.hh
	not in ../../includes/Region.hh
	not in /usr/local/include/Region.hh
	not in /usr/local/apps/include/Region.hh
	not in /usr/include/Region.hh
makedepend: warning:  Source.c, line 9: cannot find include file "Source.hh"
	not in Source.hh
	not in Source.hh
	not in ../../Source.hh
	not in ../../includes/Source.hh
	not in /usr/local/include/Source.hh
	not in /usr/local/apps/include/Source.hh
	not in /usr/include/Source.hh
irs_fixdepend Makefile
make[2]: Leaving directory `/g/g0/spelce1/Sequoia_Final/irs.0.9.2/sources/objects'
