make[2]: Entering directory `/g/g0/spelce1/Sequoia_Final/irs.0.9.2/sources/lag'
makedepend -- -DUNIX -DFUNCTION_TIMERS -Dlinux -DCOMMPI -I../.. -I../../includes -I/usr/local/include -I/usr/local/apps/include     -- DtTempControls.c DtTempInitialize.c HydroDtControls.c InitCycle.c LengthScale.c PostSubcycle.c PreSubcycle.c getnm2d0.c getnm3d.c update.c updateblk.c xirs.c  
makedepend: warning:  DtTempControls.c (reading /usr/include/stdio.h, line 34): cannot find include file "stddef.h"
	not in ../../stddef.h
	not in ../../includes/stddef.h
	not in /usr/local/include/stddef.h
	not in /usr/local/apps/include/stddef.h
	not in /usr/include/stddef.h
makedepend: warning:  DtTempControls.c (reading /usr/include/bits/types.h, line 31): cannot find include file "stddef.h"
	not in ../../stddef.h
	not in ../../includes/stddef.h
	not in /usr/local/include/stddef.h
	not in /usr/local/apps/include/stddef.h
	not in /usr/include/stddef.h
makedepend: warning:  DtTempControls.c (reading /usr/include/_G_config.h, line 14): cannot find include file "stddef.h"
	not in ../../stddef.h
	not in ../../includes/stddef.h
	not in /usr/local/include/stddef.h
	not in /usr/local/apps/include/stddef.h
	not in /usr/include/stddef.h
makedepend: warning:  DtTempControls.c (reading /usr/include/wchar.h, line 48): cannot find include file "stddef.h"
	not in ../../stddef.h
	not in ../../includes/stddef.h
	not in /usr/local/include/stddef.h
	not in /usr/local/apps/include/stddef.h
	not in /usr/include/stddef.h
makedepend: warning:  DtTempControls.c (reading /usr/include/gconv.h, line 31): cannot find include file "stddef.h"
	not in ../../stddef.h
	not in ../../includes/stddef.h
	not in /usr/local/include/stddef.h
	not in /usr/local/apps/include/stddef.h
	not in /usr/include/stddef.h
makedepend: warning:  DtTempControls.c (reading /usr/include/libio.h, line 53): cannot find include file "stdarg.h"
	not in ../../stdarg.h
	not in ../../includes/stdarg.h
	not in /usr/local/include/stdarg.h
	not in /usr/local/apps/include/stdarg.h
	not in /usr/include/stdarg.h
makedepend: warning:  DtTempControls.c (reading /usr/include/stdlib.h, line 33): cannot find include file "stddef.h"
	not in ../../stddef.h
	not in ../../includes/stddef.h
	not in /usr/local/include/stddef.h
	not in /usr/local/apps/include/stddef.h
	not in /usr/include/stddef.h
makedepend: warning:  DtTempControls.c (reading /usr/include/sys/types.h, line 147): cannot find include file "stddef.h"
	not in ../../stddef.h
	not in ../../includes/stddef.h
	not in /usr/local/include/stddef.h
	not in /usr/local/apps/include/stddef.h
	not in /usr/include/stddef.h
makedepend: warning:  DtTempControls.c (reading /usr/include/alloca.h, line 25): cannot find include file "stddef.h"
	not in ../../stddef.h
	not in ../../includes/stddef.h
	not in /usr/local/include/stddef.h
	not in /usr/local/apps/include/stddef.h
	not in /usr/include/stddef.h
makedepend: warning:  DtTempControls.c (reading /usr/include/string.h, line 33): cannot find include file "stddef.h"
	not in ../../stddef.h
	not in ../../includes/stddef.h
	not in /usr/local/include/stddef.h
	not in /usr/local/apps/include/stddef.h
	not in /usr/include/stddef.h
makedepend: warning:  DtTempControls.c (reading /usr/include/malloc.h, line 24): cannot find include file "stddef.h"
	not in ../../stddef.h
	not in ../../includes/stddef.h
	not in /usr/local/include/stddef.h
	not in /usr/local/apps/include/stddef.h
	not in /usr/include/stddef.h
makedepend: warning:  DtTempControls.c (reading ../../includes/FunctionTimer.h, line 27): cannot find include file "mpi.h"
	not in ../../mpi.h
	not in ../../includes/mpi.h
	not in /usr/local/include/mpi.h
	not in /usr/local/apps/include/mpi.h
	not in /usr/include/mpi.h
makedepend: warning:  xirs.c (reading /usr/include/unistd.h, line 197): cannot find include file "stddef.h"
	not in ../../stddef.h
	not in ../../includes/stddef.h
	not in /usr/local/include/stddef.h
	not in /usr/local/apps/include/stddef.h
	not in /usr/include/stddef.h
makedepend: warning:  xirs.c, line 13: cannot find include file "irslag.hh"
	not in irslag.hh
	not in irslag.hh
	not in ../../irslag.hh
	not in ../../includes/irslag.hh
	not in /usr/local/include/irslag.hh
	not in /usr/local/apps/include/irslag.hh
	not in /usr/include/irslag.hh
irs_fixdepend Makefile
make[2]: Leaving directory `/g/g0/spelce1/Sequoia_Final/irs.0.9.2/sources/lag'
