make[2]: Entering directory `/g/g0/spelce1/Sequoia_Final/irs.0.9.2/sources/hash'
makedepend -- -DUNIX -DFUNCTION_TIMERS -Dlinux -DCOMMPI -I../.. -I../../includes -I/usr/local/include -I/usr/local/apps/include     -- get_num_elms_in_hashtable.c hash_add.c hash_analyze.c hash_cond_print_by_type.c hash_del.c hash_del2.c hash_del_objs_of_type.c hash_get_elm_list.c hash_lookup_elm.c hash_lookup_obj.c hash_optimize.c hash_print.c hash_print_by_name.c hash_print_by_type.c hash_print_obj.c hash_print_structs_of_type.c hash_sort_array.c hash_sort_array_by_type.c hash_tbl_create.c hash_tbl_free.c printhash.c strsave.c  
makedepend: warning:  get_num_elms_in_hashtable.c (reading /usr/include/stdio.h, line 34): cannot find include file "stddef.h"
	not in ../../stddef.h
	not in ../../includes/stddef.h
	not in /usr/local/include/stddef.h
	not in /usr/local/apps/include/stddef.h
	not in /usr/include/stddef.h
makedepend: warning:  get_num_elms_in_hashtable.c (reading /usr/include/bits/types.h, line 31): cannot find include file "stddef.h"
	not in ../../stddef.h
	not in ../../includes/stddef.h
	not in /usr/local/include/stddef.h
	not in /usr/local/apps/include/stddef.h
	not in /usr/include/stddef.h
makedepend: warning:  get_num_elms_in_hashtable.c (reading /usr/include/_G_config.h, line 14): cannot find include file "stddef.h"
	not in ../../stddef.h
	not in ../../includes/stddef.h
	not in /usr/local/include/stddef.h
	not in /usr/local/apps/include/stddef.h
	not in /usr/include/stddef.h
makedepend: warning:  get_num_elms_in_hashtable.c (reading /usr/include/wchar.h, line 48): cannot find include file "stddef.h"
	not in ../../stddef.h
	not in ../../includes/stddef.h
	not in /usr/local/include/stddef.h
	not in /usr/local/apps/include/stddef.h
	not in /usr/include/stddef.h
makedepend: warning:  get_num_elms_in_hashtable.c (reading /usr/include/gconv.h, line 31): cannot find include file "stddef.h"
	not in ../../stddef.h
	not in ../../includes/stddef.h
	not in /usr/local/include/stddef.h
	not in /usr/local/apps/include/stddef.h
	not in /usr/include/stddef.h
makedepend: warning:  get_num_elms_in_hashtable.c (reading /usr/include/libio.h, line 53): cannot find include file "stdarg.h"
	not in ../../stdarg.h
	not in ../../includes/stdarg.h
	not in /usr/local/include/stdarg.h
	not in /usr/local/apps/include/stdarg.h
	not in /usr/include/stdarg.h
makedepend: warning:  get_num_elms_in_hashtable.c (reading /usr/include/stdlib.h, line 33): cannot find include file "stddef.h"
	not in ../../stddef.h
	not in ../../includes/stddef.h
	not in /usr/local/include/stddef.h
	not in /usr/local/apps/include/stddef.h
	not in /usr/include/stddef.h
makedepend: warning:  get_num_elms_in_hashtable.c (reading /usr/include/sys/types.h, line 147): cannot find include file "stddef.h"
	not in ../../stddef.h
	not in ../../includes/stddef.h
	not in /usr/local/include/stddef.h
	not in /usr/local/apps/include/stddef.h
	not in /usr/include/stddef.h
makedepend: warning:  get_num_elms_in_hashtable.c (reading /usr/include/alloca.h, line 25): cannot find include file "stddef.h"
	not in ../../stddef.h
	not in ../../includes/stddef.h
	not in /usr/local/include/stddef.h
	not in /usr/local/apps/include/stddef.h
	not in /usr/include/stddef.h
makedepend: warning:  get_num_elms_in_hashtable.c (reading /usr/include/string.h, line 33): cannot find include file "stddef.h"
	not in ../../stddef.h
	not in ../../includes/stddef.h
	not in /usr/local/include/stddef.h
	not in /usr/local/apps/include/stddef.h
	not in /usr/include/stddef.h
makedepend: warning:  hash_add.c, line 5: cannot find include file "Hash.hh"
	not in Hash.hh
	not in Hash.hh
	not in ../../Hash.hh
	not in ../../includes/Hash.hh
	not in /usr/local/include/Hash.hh
	not in /usr/local/apps/include/Hash.hh
	not in /usr/include/Hash.hh
makedepend: warning:  hash_analyze.c (reading /usr/include/malloc.h, line 24): cannot find include file "stddef.h"
	not in ../../stddef.h
	not in ../../includes/stddef.h
	not in /usr/local/include/stddef.h
	not in /usr/local/apps/include/stddef.h
	not in /usr/include/stddef.h
makedepend: warning:  hash_optimize.c (reading ../../includes/FunctionTimer.h, line 27): cannot find include file "mpi.h"
	not in ../../mpi.h
	not in ../../includes/mpi.h
	not in /usr/local/include/mpi.h
	not in /usr/local/apps/include/mpi.h
	not in /usr/include/mpi.h
irs_fixdepend Makefile
make[2]: Leaving directory `/g/g0/spelce1/Sequoia_Final/irs.0.9.2/sources/hash'
