make[2]: Entering directory `/g/g0/spelce1/Sequoia_Final/irs.0.9.2/sources/gen'
makedepend -- -DUNIX -DFUNCTION_TIMERS -Dlinux -DCOMMPI -I../.. -I../../includes -I/usr/local/include -I/usr/local/apps/include     -- altmesh.c arcal2ds.c doarg.c dopa.c fillvar.c gen.c getarg.c getematblk.c getfarg.c getfpaa.c getiarg.c getrgstdata.c getspeed2.c gnorm.c isargfun.c isbeta.c meshgen.c mixzn.c mkpalab.c plgndr.c pole.c purify.c ratioeval.c ratiosum.c rdmesh.c rdsilogrid.c rdtruegrid.c realindex.c regen.c sanityck.c sewmeshes.c spline.c tagvoid.c volcal2d.c volcal3d.c wtmesh.c zone.c  
makedepend: warning:  altmesh.c (reading /usr/include/stdio.h, line 34): cannot find include file "stddef.h"
	not in ../../stddef.h
	not in ../../includes/stddef.h
	not in /usr/local/include/stddef.h
	not in /usr/local/apps/include/stddef.h
	not in /usr/include/stddef.h
makedepend: warning:  altmesh.c (reading /usr/include/bits/types.h, line 31): cannot find include file "stddef.h"
	not in ../../stddef.h
	not in ../../includes/stddef.h
	not in /usr/local/include/stddef.h
	not in /usr/local/apps/include/stddef.h
	not in /usr/include/stddef.h
makedepend: warning:  altmesh.c (reading /usr/include/_G_config.h, line 14): cannot find include file "stddef.h"
	not in ../../stddef.h
	not in ../../includes/stddef.h
	not in /usr/local/include/stddef.h
	not in /usr/local/apps/include/stddef.h
	not in /usr/include/stddef.h
makedepend: warning:  altmesh.c (reading /usr/include/wchar.h, line 48): cannot find include file "stddef.h"
	not in ../../stddef.h
	not in ../../includes/stddef.h
	not in /usr/local/include/stddef.h
	not in /usr/local/apps/include/stddef.h
	not in /usr/include/stddef.h
makedepend: warning:  altmesh.c (reading /usr/include/gconv.h, line 31): cannot find include file "stddef.h"
	not in ../../stddef.h
	not in ../../includes/stddef.h
	not in /usr/local/include/stddef.h
	not in /usr/local/apps/include/stddef.h
	not in /usr/include/stddef.h
makedepend: warning:  altmesh.c (reading /usr/include/libio.h, line 53): cannot find include file "stdarg.h"
	not in ../../stdarg.h
	not in ../../includes/stdarg.h
	not in /usr/local/include/stdarg.h
	not in /usr/local/apps/include/stdarg.h
	not in /usr/include/stdarg.h
makedepend: warning:  altmesh.c (reading /usr/include/stdlib.h, line 33): cannot find include file "stddef.h"
	not in ../../stddef.h
	not in ../../includes/stddef.h
	not in /usr/local/include/stddef.h
	not in /usr/local/apps/include/stddef.h
	not in /usr/include/stddef.h
makedepend: warning:  altmesh.c (reading /usr/include/sys/types.h, line 147): cannot find include file "stddef.h"
	not in ../../stddef.h
	not in ../../includes/stddef.h
	not in /usr/local/include/stddef.h
	not in /usr/local/apps/include/stddef.h
	not in /usr/include/stddef.h
makedepend: warning:  altmesh.c (reading /usr/include/alloca.h, line 25): cannot find include file "stddef.h"
	not in ../../stddef.h
	not in ../../includes/stddef.h
	not in /usr/local/include/stddef.h
	not in /usr/local/apps/include/stddef.h
	not in /usr/include/stddef.h
makedepend: warning:  altmesh.c (reading /usr/include/string.h, line 33): cannot find include file "stddef.h"
	not in ../../stddef.h
	not in ../../includes/stddef.h
	not in /usr/local/include/stddef.h
	not in /usr/local/apps/include/stddef.h
	not in /usr/include/stddef.h
makedepend: warning:  altmesh.c (reading /usr/include/malloc.h, line 24): cannot find include file "stddef.h"
	not in ../../stddef.h
	not in ../../includes/stddef.h
	not in /usr/local/include/stddef.h
	not in /usr/local/apps/include/stddef.h
	not in /usr/include/stddef.h
makedepend: warning:  arcal2ds.c (reading ../../includes/FunctionTimer.h, line 27): cannot find include file "mpi.h"
	not in ../../mpi.h
	not in ../../includes/mpi.h
	not in /usr/local/include/mpi.h
	not in /usr/local/apps/include/mpi.h
	not in /usr/include/mpi.h
makedepend: warning:  gen.c, line 17: cannot find include file "irsgen.hh"
	not in irsgen.hh
	not in irsgen.hh
	not in ../../irsgen.hh
	not in ../../includes/irsgen.hh
	not in /usr/local/include/irsgen.hh
	not in /usr/local/apps/include/irsgen.hh
	not in /usr/include/irsgen.hh
irs_fixdepend Makefile
make[2]: Leaving directory `/g/g0/spelce1/Sequoia_Final/irs.0.9.2/sources/gen'
