make[2]: Entering directory `/g/g0/spelce1/Sequoia_Final/irs.0.9.2/sources/com'
makedepend -- -DUNIX -DFUNCTION_TIMERS -Dlinux -DCOMMPI -I../.. -I../../includes -I/usr/local/include -I/usr/local/apps/include     -- ComNodalZonal.c acumnm.c calculate_mappings.c checkpara.c combarrier.c combcast.c combuf.c comcleanup.c comgather.c comlen.c comlock.c commpigather.c commpigatherv.c comreduce.c comsummary.c comunlock.c comverify.c decomp.c facecom.c getdata.c initcom.c matcom.c putdata.c qbnd.c radcom.c rbndcom.c setgmap.c setstdout.c setumap.c setvsamegrp.c setvsameorder.c speccom.c swapcoords.c varcom.c vsamecom.c  
makedepend: warning:  ComNodalZonal.c (reading /usr/include/string.h, line 33): cannot find include file "stddef.h"
	not in ../../stddef.h
	not in ../../includes/stddef.h
	not in /usr/local/include/stddef.h
	not in /usr/local/apps/include/stddef.h
	not in /usr/include/stddef.h
makedepend: warning:  ComNodalZonal.c (reading /usr/include/stdio.h, line 34): cannot find include file "stddef.h"
	not in ../../stddef.h
	not in ../../includes/stddef.h
	not in /usr/local/include/stddef.h
	not in /usr/local/apps/include/stddef.h
	not in /usr/include/stddef.h
makedepend: warning:  ComNodalZonal.c (reading /usr/include/bits/types.h, line 31): cannot find include file "stddef.h"
	not in ../../stddef.h
	not in ../../includes/stddef.h
	not in /usr/local/include/stddef.h
	not in /usr/local/apps/include/stddef.h
	not in /usr/include/stddef.h
makedepend: warning:  ComNodalZonal.c (reading /usr/include/_G_config.h, line 14): cannot find include file "stddef.h"
	not in ../../stddef.h
	not in ../../includes/stddef.h
	not in /usr/local/include/stddef.h
	not in /usr/local/apps/include/stddef.h
	not in /usr/include/stddef.h
makedepend: warning:  ComNodalZonal.c (reading /usr/include/wchar.h, line 48): cannot find include file "stddef.h"
	not in ../../stddef.h
	not in ../../includes/stddef.h
	not in /usr/local/include/stddef.h
	not in /usr/local/apps/include/stddef.h
	not in /usr/include/stddef.h
makedepend: warning:  ComNodalZonal.c (reading /usr/include/gconv.h, line 31): cannot find include file "stddef.h"
	not in ../../stddef.h
	not in ../../includes/stddef.h
	not in /usr/local/include/stddef.h
	not in /usr/local/apps/include/stddef.h
	not in /usr/include/stddef.h
makedepend: warning:  ComNodalZonal.c (reading /usr/include/libio.h, line 53): cannot find include file "stdarg.h"
	not in ../../stdarg.h
	not in ../../includes/stdarg.h
	not in /usr/local/include/stdarg.h
	not in /usr/local/apps/include/stdarg.h
	not in /usr/include/stdarg.h
makedepend: warning:  ComNodalZonal.c (reading /usr/include/stdlib.h, line 33): cannot find include file "stddef.h"
	not in ../../stddef.h
	not in ../../includes/stddef.h
	not in /usr/local/include/stddef.h
	not in /usr/local/apps/include/stddef.h
	not in /usr/include/stddef.h
makedepend: warning:  ComNodalZonal.c (reading /usr/include/sys/types.h, line 147): cannot find include file "stddef.h"
	not in ../../stddef.h
	not in ../../includes/stddef.h
	not in /usr/local/include/stddef.h
	not in /usr/local/apps/include/stddef.h
	not in /usr/include/stddef.h
makedepend: warning:  ComNodalZonal.c (reading /usr/include/alloca.h, line 25): cannot find include file "stddef.h"
	not in ../../stddef.h
	not in ../../includes/stddef.h
	not in /usr/local/include/stddef.h
	not in /usr/local/apps/include/stddef.h
	not in /usr/include/stddef.h
makedepend: warning:  ComNodalZonal.c (reading /usr/include/malloc.h, line 24): cannot find include file "stddef.h"
	not in ../../stddef.h
	not in ../../includes/stddef.h
	not in /usr/local/include/stddef.h
	not in /usr/local/apps/include/stddef.h
	not in /usr/include/stddef.h
makedepend: warning:  ComNodalZonal.c (reading ../../includes/FunctionTimer.h, line 27): cannot find include file "mpi.h"
	not in ../../mpi.h
	not in ../../includes/mpi.h
	not in /usr/local/include/mpi.h
	not in /usr/local/apps/include/mpi.h
	not in /usr/include/mpi.h
makedepend: warning:  facecom.c, line 6: cannot find include file "Bndlist.hh"
	not in Bndlist.hh
	not in Bndlist.hh
	not in ../../Bndlist.hh
	not in ../../includes/Bndlist.hh
	not in /usr/local/include/Bndlist.hh
	not in /usr/local/apps/include/Bndlist.hh
	not in /usr/include/Bndlist.hh
makedepend: warning:  facecom.c, line 8: cannot find include file "VdenData.hh"
	not in VdenData.hh
	not in VdenData.hh
	not in ../../VdenData.hh
	not in ../../includes/VdenData.hh
	not in /usr/local/include/VdenData.hh
	not in /usr/local/apps/include/VdenData.hh
	not in /usr/include/VdenData.hh
makedepend: warning:  initcom.c, line 6: cannot find include file "irscom.hh"
	not in irscom.hh
	not in irscom.hh
	not in ../../irscom.hh
	not in ../../includes/irscom.hh
	not in /usr/local/include/irscom.hh
	not in /usr/local/apps/include/irscom.hh
	not in /usr/include/irscom.hh
makedepend: warning:  initcom.c, line 11: cannot find include file "Tagorder.hh"
	not in Tagorder.hh
	not in Tagorder.hh
	not in ../../Tagorder.hh
	not in ../../includes/Tagorder.hh
	not in /usr/local/include/Tagorder.hh
	not in /usr/local/apps/include/Tagorder.hh
	not in /usr/include/Tagorder.hh
irs_fixdepend Makefile
make[2]: Leaving directory `/g/g0/spelce1/Sequoia_Final/irs.0.9.2/sources/com'
